<?xml version="1.0" encoding="UTF-8"?>
<!-- Generated by org.testng.reporters.JUnitReportReporter -->
<testsuite hostname="LAPTOP-FG7JISOD" failures="0" tests="1" name="sel.demo3" time="1.016" errors="0" timestamp="2023-04-03T20:26:42 IST" skipped="0">
  <testcase classname="sel.demo3" name="test" time="1.016"/>
  <system-out/>
</testsuite> <!-- sel.demo3 -->
