<?xml version="1.0" encoding="UTF-8"?>
<!-- Generated by org.testng.reporters.JUnitReportReporter -->
<testsuite hostname="LAPTOP-FG7JISOD" failures="0" tests="1" name="sel.hw" time="0.177" errors="0" timestamp="2023-04-04T10:10:23 IST" skipped="0">
  <testcase classname="sel.hw" name="test" time="0.177"/>
  <system-out/>
</testsuite> <!-- sel.hw -->
