<?xml version="1.0" encoding="UTF-8"?>
<!-- Generated by org.testng.reporters.JUnitReportReporter -->
<testsuite hostname="LAPTOP-FG7JISOD" failures="0" tests="1" name="sel.DemoProject" time="5.398" errors="0" timestamp="2024-01-08T18:33:10 IST" skipped="0">
  <testcase classname="sel.DemoProject" name="test" time="5.398"/>
  <system-out/>
</testsuite> <!-- sel.DemoProject -->
