<?xml version="1.0" encoding="UTF-8"?>
<!-- Generated by org.testng.reporters.JUnitReportReporter -->
<testsuite hostname="LAPTOP-FG7JISOD" failures="0" tests="1" name="sel.Demo2" time="13.597" errors="0" timestamp="2023-04-02T13:05:31 IST" skipped="0">
  <testcase classname="sel.Demo2" name="test" time="13.597"/>
  <system-out/>
</testsuite> <!-- sel.Demo2 -->
