<?xml version="1.0" encoding="UTF-8"?>
<!-- Generated by org.testng.reporters.JUnitReportReporter -->
<testsuite hostname="LAPTOP-FG7JISOD" failures="0" tests="1" name="sel.Exceldemo" time="1.414" errors="0" timestamp="2023-04-04T12:04:04 IST" skipped="0">
  <testcase classname="sel.Exceldemo" name="readwriteexcel" time="1.414"/>
  <system-out/>
</testsuite> <!-- sel.Exceldemo -->
